2020-06-22 17:24:06,141 - instabot version: 0.117.0 (bot) - INFO - Instabot version: 0.117.0 Started
2020-06-22 17:24:06,142 - instabot version: 0.117.0 (bot) - DEBUG - Bot imported from /home/aayush/.local/lib/python3.6/site-packages/instabot/bot/bot.py
2020-06-22 17:24:06,144 - instabot version: 0.117.0 (api_login) - DEBUG - Loading cookies
2020-06-22 17:24:06,146 - instabot version: 0.117.0 (api_login) - DEBUG - Loading uuids
2020-06-22 17:24:06,146 - instabot version: 0.117.0 (api_login) - INFO - Recovery from /home/aayush/Programming/Instagram Bot Project/config/lights_stars_and_love_uuid_and_cookie.json: COOKIE True - UUIDs True - TIMING, DEVICE and ...
- user-agent=Instagram 117.0.0.28.123 Android (28/9.0; 420dpi; 1080x1920; OnePlus; ONEPLUS A3003; OnePlus3; qcom; en_US; 180322800)
- phone_id=ded23943-ef55-447e-a447-1f5e763d955a
- uuid=238d0e38-38e1-4e75-809d-1730db73749a
- client_session_id=178880c5-6f71-47bb-9cea-a537cb361e2e
- device_id=android-b78e924c5519ca7c
2020-06-22 17:24:06,148 - instabot version: 0.117.0 (api_login) - INFO - LOGIN FLOW! Just logged-in: False
2020-06-22 17:24:07,343 - instabot version: 0.117.0 (api) - DEBUG - POST to endpoint: feed/timeline/ returned response: <Response [200]>
2020-06-22 17:24:07,910 - instabot version: 0.117.0 (api) - DEBUG - POST to endpoint: feed/reels_tray/ returned response: <Response [200]>
2020-06-22 17:24:07,914 - instabot version: 0.117.0 (api) - INFO - Logged-in successfully as 'lights_stars_and_love'!
2020-06-22 17:24:07,915 - instabot version: 0.117.0 (bot_checkpoint) - DEBUG - Loading Checkpoint file from: /home/aayush/Programming/Instagram Bot Project/config/lights_stars_and_love.checkpoint
2020-06-22 17:24:30,805 - instabot version: 0.117.0 (api) - DEBUG - POST to endpoint: media/configure/? returned response: <Response [200]>
2020-06-22 17:24:31,303 - instabot version: 0.117.0 (api) - DEBUG - POST to endpoint: qe/expose/ returned response: <Response [200]>
2020-06-22 17:24:31,304 - instabot version: 0.117.0 (bot_photo) - INFO - Photo 'downloaded_images/instapic_0.jpg' is uploaded.
2020-06-22 17:24:31,305 - instabot version: 0.117.0 (bot_checkpoint) - DEBUG - Saving Checkpoint file to: /home/aayush/Programming/Instagram Bot Project/config/lights_stars_and_love.checkpoint
2020-06-22 17:24:31,306 - instabot version: 0.117.0 (bot) - INFO - Total requests: 35
